0 info it worked if it ends with ok
1 verbose cli [ 'node', '/usr/local/bin/npm', 'install' ]
2 info using npm@1.4.28
3 info using node@v0.10.35
4 verbose readDependencies using package.json deps
5 verbose install where, deps [ '/Users/HaoranFang/Documents/GITHUB/mtgdeckbuilder',
5 verbose install   [ 'express', 'monk', 'lodash', 'jade', 'jquery' ] ]
6 info preinstall mtgdeckbuilder@0.0.0
7 verbose readDependencies using package.json deps
8 verbose cache add [ 'lodash@~3.6.0', null ]
9 verbose cache add name=undefined spec="lodash@~3.6.0" args=["lodash@~3.6.0",null]
10 verbose parsed url { protocol: null,
10 verbose parsed url   slashes: null,
10 verbose parsed url   auth: null,
10 verbose parsed url   host: null,
10 verbose parsed url   port: null,
10 verbose parsed url   hostname: null,
10 verbose parsed url   hash: null,
10 verbose parsed url   search: null,
10 verbose parsed url   query: null,
10 verbose parsed url   pathname: 'lodash@~3.6.0',
10 verbose parsed url   path: 'lodash@~3.6.0',
10 verbose parsed url   href: 'lodash@~3.6.0' }
11 verbose cache add [ 'jade@~1.9.2', null ]
12 verbose cache add name=undefined spec="jade@~1.9.2" args=["jade@~1.9.2",null]
13 verbose parsed url { protocol: null,
13 verbose parsed url   slashes: null,
13 verbose parsed url   auth: null,
13 verbose parsed url   host: null,
13 verbose parsed url   port: null,
13 verbose parsed url   hostname: null,
13 verbose parsed url   hash: null,
13 verbose parsed url   search: null,
13 verbose parsed url   query: null,
13 verbose parsed url   pathname: 'jade@~1.9.2',
13 verbose parsed url   path: 'jade@~1.9.2',
13 verbose parsed url   href: 'jade@~1.9.2' }
14 verbose cache add name="lodash" spec="~3.6.0" args=["lodash","~3.6.0"]
15 verbose parsed url { protocol: null,
15 verbose parsed url   slashes: null,
15 verbose parsed url   auth: null,
15 verbose parsed url   host: null,
15 verbose parsed url   port: null,
15 verbose parsed url   hostname: null,
15 verbose parsed url   hash: null,
15 verbose parsed url   search: null,
15 verbose parsed url   query: null,
15 verbose parsed url   pathname: '~3.6.0',
15 verbose parsed url   path: '~3.6.0',
15 verbose parsed url   href: '~3.6.0' }
16 verbose addNamed [ 'lodash', '~3.6.0' ]
17 verbose addNamed [ null, '>=3.6.0-0 <3.7.0-0' ]
18 verbose cache add [ 'jquery@~2.1.3', null ]
19 verbose cache add name=undefined spec="jquery@~2.1.3" args=["jquery@~2.1.3",null]
20 verbose parsed url { protocol: null,
20 verbose parsed url   slashes: null,
20 verbose parsed url   auth: null,
20 verbose parsed url   host: null,
20 verbose parsed url   port: null,
20 verbose parsed url   hostname: null,
20 verbose parsed url   hash: null,
20 verbose parsed url   search: null,
20 verbose parsed url   query: null,
20 verbose parsed url   pathname: 'jquery@~2.1.3',
20 verbose parsed url   path: 'jquery@~2.1.3',
20 verbose parsed url   href: 'jquery@~2.1.3' }
21 verbose cache add name="jade" spec="~1.9.2" args=["jade","~1.9.2"]
22 verbose parsed url { protocol: null,
22 verbose parsed url   slashes: null,
22 verbose parsed url   auth: null,
22 verbose parsed url   host: null,
22 verbose parsed url   port: null,
22 verbose parsed url   hostname: null,
22 verbose parsed url   hash: null,
22 verbose parsed url   search: null,
22 verbose parsed url   query: null,
22 verbose parsed url   pathname: '~1.9.2',
22 verbose parsed url   path: '~1.9.2',
22 verbose parsed url   href: '~1.9.2' }
23 verbose addNamed [ 'jade', '~1.9.2' ]
24 verbose addNamed [ null, '>=1.9.2-0 <1.10.0-0' ]
25 silly lockFile cce7f5be-lodash-3-6-0 lodash@~3.6.0
26 verbose lock lodash@~3.6.0 /Users/HaoranFang/.npm/cce7f5be-lodash-3-6-0.lock
27 silly lockFile ee522cbd-jade-1-9-2 jade@~1.9.2
28 verbose lock jade@~1.9.2 /Users/HaoranFang/.npm/ee522cbd-jade-1-9-2.lock
29 verbose cache add name="jquery" spec="~2.1.3" args=["jquery","~2.1.3"]
30 verbose parsed url { protocol: null,
30 verbose parsed url   slashes: null,
30 verbose parsed url   auth: null,
30 verbose parsed url   host: null,
30 verbose parsed url   port: null,
30 verbose parsed url   hostname: null,
30 verbose parsed url   hash: null,
30 verbose parsed url   search: null,
30 verbose parsed url   query: null,
30 verbose parsed url   pathname: '~2.1.3',
30 verbose parsed url   path: '~2.1.3',
30 verbose parsed url   href: '~2.1.3' }
31 verbose addNamed [ 'jquery', '~2.1.3' ]
32 verbose addNamed [ null, '>=2.1.3-0 <2.2.0-0' ]
33 silly lockFile f08518d6-jquery-2-1-3 jquery@~2.1.3
34 verbose lock jquery@~2.1.3 /Users/HaoranFang/.npm/f08518d6-jquery-2-1-3.lock
35 verbose cache add [ 'express@~4.12.3', null ]
36 verbose cache add name=undefined spec="express@~4.12.3" args=["express@~4.12.3",null]
37 verbose parsed url { protocol: null,
37 verbose parsed url   slashes: null,
37 verbose parsed url   auth: null,
37 verbose parsed url   host: null,
37 verbose parsed url   port: null,
37 verbose parsed url   hostname: null,
37 verbose parsed url   hash: null,
37 verbose parsed url   search: null,
37 verbose parsed url   query: null,
37 verbose parsed url   pathname: 'express@~4.12.3',
37 verbose parsed url   path: 'express@~4.12.3',
37 verbose parsed url   href: 'express@~4.12.3' }
38 silly addNameRange { name: 'jade', range: '>=1.9.2-0 <1.10.0-0', hasData: false }
39 verbose cache add [ 'monk@~1.0.1', null ]
40 verbose cache add name=undefined spec="monk@~1.0.1" args=["monk@~1.0.1",null]
41 verbose parsed url { protocol: null,
41 verbose parsed url   slashes: null,
41 verbose parsed url   auth: null,
41 verbose parsed url   host: null,
41 verbose parsed url   port: null,
41 verbose parsed url   hostname: null,
41 verbose parsed url   hash: null,
41 verbose parsed url   search: null,
41 verbose parsed url   query: null,
41 verbose parsed url   pathname: 'monk@~1.0.1',
41 verbose parsed url   path: 'monk@~1.0.1',
41 verbose parsed url   href: 'monk@~1.0.1' }
42 verbose cache add name="express" spec="~4.12.3" args=["express","~4.12.3"]
43 verbose parsed url { protocol: null,
43 verbose parsed url   slashes: null,
43 verbose parsed url   auth: null,
43 verbose parsed url   host: null,
43 verbose parsed url   port: null,
43 verbose parsed url   hostname: null,
43 verbose parsed url   hash: null,
43 verbose parsed url   search: null,
43 verbose parsed url   query: null,
43 verbose parsed url   pathname: '~4.12.3',
43 verbose parsed url   path: '~4.12.3',
43 verbose parsed url   href: '~4.12.3' }
44 verbose addNamed [ 'express', '~4.12.3' ]
45 verbose addNamed [ null, '>=4.12.3-0 <4.13.0-0' ]
46 silly lockFile 3554baa3-express-4-12-3 express@~4.12.3
47 verbose lock express@~4.12.3 /Users/HaoranFang/.npm/3554baa3-express-4-12-3.lock
48 silly addNameRange { name: 'lodash', range: '>=3.6.0-0 <3.7.0-0', hasData: false }
49 silly addNameRange { name: 'jquery', range: '>=2.1.3-0 <2.2.0-0', hasData: false }
50 verbose cache add name="monk" spec="~1.0.1" args=["monk","~1.0.1"]
51 verbose parsed url { protocol: null,
51 verbose parsed url   slashes: null,
51 verbose parsed url   auth: null,
51 verbose parsed url   host: null,
51 verbose parsed url   port: null,
51 verbose parsed url   hostname: null,
51 verbose parsed url   hash: null,
51 verbose parsed url   search: null,
51 verbose parsed url   query: null,
51 verbose parsed url   pathname: '~1.0.1',
51 verbose parsed url   path: '~1.0.1',
51 verbose parsed url   href: '~1.0.1' }
52 verbose addNamed [ 'monk', '~1.0.1' ]
53 verbose addNamed [ null, '>=1.0.1-0 <1.1.0-0' ]
54 silly lockFile a1eaadbe-monk-1-0-1 monk@~1.0.1
55 verbose lock monk@~1.0.1 /Users/HaoranFang/.npm/a1eaadbe-monk-1-0-1.lock
56 verbose request where is /jquery
57 verbose request registry https://registry.npmjs.org/
58 verbose request id 5b6701d6457c699b
59 verbose url raw /jquery
60 verbose url resolving [ 'https://registry.npmjs.org/', './jquery' ]
61 verbose url resolved https://registry.npmjs.org/jquery
62 verbose request where is https://registry.npmjs.org/jquery
63 info trying registry request attempt 1 at 21:09:24
64 http GET https://registry.npmjs.org/jquery
65 silly addNameRange { name: 'express',
65 silly addNameRange   range: '>=4.12.3-0 <4.13.0-0',
65 silly addNameRange   hasData: false }
66 silly addNameRange { name: 'monk', range: '>=1.0.1-0 <1.1.0-0', hasData: false }
67 verbose request where is /jade
68 verbose request registry https://registry.npmjs.org/
69 verbose url raw /jade
70 verbose url resolving [ 'https://registry.npmjs.org/', './jade' ]
71 verbose url resolved https://registry.npmjs.org/jade
72 verbose request where is https://registry.npmjs.org/jade
73 info trying registry request attempt 1 at 21:09:24
74 verbose etag "8Z1225REP3XKE8E3CMLVA7LAD"
75 http GET https://registry.npmjs.org/jade
76 verbose request where is /lodash
77 verbose request registry https://registry.npmjs.org/
78 verbose url raw /lodash
79 verbose url resolving [ 'https://registry.npmjs.org/', './lodash' ]
80 verbose url resolved https://registry.npmjs.org/lodash
81 verbose request where is https://registry.npmjs.org/lodash
82 info trying registry request attempt 1 at 21:09:24
83 verbose etag "AX6KPA417KU1S7VVDIKJYG8F5"
84 http GET https://registry.npmjs.org/lodash
85 verbose request where is /express
86 verbose request registry https://registry.npmjs.org/
87 verbose url raw /express
88 verbose url resolving [ 'https://registry.npmjs.org/', './express' ]
89 verbose url resolved https://registry.npmjs.org/express
90 verbose request where is https://registry.npmjs.org/express
91 info trying registry request attempt 1 at 21:09:24
92 verbose etag "9A01DDI15EWKGQIBO6NODFOQB"
93 http GET https://registry.npmjs.org/express
94 verbose request where is /monk
95 verbose request registry https://registry.npmjs.org/
96 verbose url raw /monk
97 verbose url resolving [ 'https://registry.npmjs.org/', './monk' ]
98 verbose url resolved https://registry.npmjs.org/monk
99 verbose request where is https://registry.npmjs.org/monk
100 info trying registry request attempt 1 at 21:09:24
101 verbose etag "4Q4IZ2QUVJB5CXS1MA5Y40WWQ"
102 http GET https://registry.npmjs.org/monk
103 http 200 https://registry.npmjs.org/monk
104 silly registry.get cb [ 200,
104 silly registry.get   { date: 'Sat, 11 Apr 2015 03:09:24 GMT',
104 silly registry.get     server: 'CouchDB/1.5.0 (Erlang OTP/R16B03)',
104 silly registry.get     etag: '"48EJXML9G41X24C6T2KM7TELQ"',
104 silly registry.get     'content-type': 'application/json',
104 silly registry.get     'cache-control': 'max-age=60',
104 silly registry.get     'content-length': '28363',
104 silly registry.get     'accept-ranges': 'bytes',
104 silly registry.get     via: '1.1 varnish',
104 silly registry.get     age: '0',
104 silly registry.get     'x-served-by': 'cache-dfw1834-DFW',
104 silly registry.get     'x-cache': 'HIT',
104 silly registry.get     'x-cache-hits': '1',
104 silly registry.get     'x-timer': 'S1428721764.640114,VS0,VE45',
104 silly registry.get     vary: 'Accept',
104 silly registry.get     'keep-alive': 'timeout=10, max=50',
104 silly registry.get     connection: 'Keep-Alive' } ]
105 silly addNameRange number 2 { name: 'monk', range: '>=1.0.1-0 <1.1.0-0', hasData: true }
106 silly addNameRange versions [ 'monk',
106 silly addNameRange   [ '0.1.0',
106 silly addNameRange     '0.1.2',
106 silly addNameRange     '0.1.3',
106 silly addNameRange     '0.1.4',
106 silly addNameRange     '0.1.5',
106 silly addNameRange     '0.1.6',
106 silly addNameRange     '0.1.7',
106 silly addNameRange     '0.1.8',
106 silly addNameRange     '0.1.9',
106 silly addNameRange     '0.1.10',
106 silly addNameRange     '0.1.11',
106 silly addNameRange     '0.1.12',
106 silly addNameRange     '0.1.13',
106 silly addNameRange     '0.1.14',
106 silly addNameRange     '0.1.15',
106 silly addNameRange     '0.2.0',
106 silly addNameRange     '0.2.1',
106 silly addNameRange     '0.3.0',
106 silly addNameRange     '0.4.0',
106 silly addNameRange     '0.5.0',
106 silly addNameRange     '0.6.0',
106 silly addNameRange     '0.7.0',
106 silly addNameRange     '0.7.1',
106 silly addNameRange     '0.8.0',
106 silly addNameRange     '0.8.1',
106 silly addNameRange     '0.9.0',
106 silly addNameRange     '0.9.1',
106 silly addNameRange     '1.0.0',
106 silly addNameRange     '1.0.1' ] ]
107 verbose addNamed [ 'monk', '1.0.1' ]
108 verbose addNamed [ '1.0.1', '1.0.1' ]
109 silly lockFile 6ea192be-monk-1-0-1 monk@1.0.1
110 verbose lock monk@1.0.1 /Users/HaoranFang/.npm/6ea192be-monk-1-0-1.lock
111 silly lockFile ab0349b4-ry-npmjs-org-monk-monk-1-0-1-tgz https://registry.npmjs.org/monk/-/monk-1.0.1.tgz
112 verbose lock https://registry.npmjs.org/monk/-/monk-1.0.1.tgz /Users/HaoranFang/.npm/ab0349b4-ry-npmjs-org-monk-monk-1-0-1-tgz.lock
113 verbose addRemoteTarball [ 'https://registry.npmjs.org/monk/-/monk-1.0.1.tgz',
113 verbose addRemoteTarball   '56ad6623b5790fec4a5a69071fee7e75a2affac4' ]
114 info retry fetch attempt 1 at 21:09:25
115 verbose fetch to= /var/folders/r3/7qn9vmd94gdc8s6fxnl8w1300000gn/T/npm-2222-oZZ-F9TL/registry.npmjs.org/monk/-/monk-1.0.1.tgz
116 http GET https://registry.npmjs.org/monk/-/monk-1.0.1.tgz
117 http 200 https://registry.npmjs.org/jade
118 silly registry.get cb [ 200,
118 silly registry.get   { date: 'Sat, 11 Apr 2015 03:09:24 GMT',
118 silly registry.get     server: 'CouchDB/1.5.0 (Erlang OTP/R16B03)',
118 silly registry.get     etag: '"2T3UER1T40HQMF2D8BU0KFF63"',
118 silly registry.get     'content-type': 'application/json',
118 silly registry.get     'cache-control': 'max-age=60',
118 silly registry.get     'content-length': '141446',
118 silly registry.get     'accept-ranges': 'bytes',
118 silly registry.get     via: '1.1 varnish',
118 silly registry.get     age: '3',
118 silly registry.get     'x-served-by': 'cache-dfw1829-DFW',
118 silly registry.get     'x-cache': 'HIT',
118 silly registry.get     'x-cache-hits': '109',
118 silly registry.get     'x-timer': 'S1428721764.643136,VS0,VE0',
118 silly registry.get     vary: 'Accept',
118 silly registry.get     'keep-alive': 'timeout=10, max=50',
118 silly registry.get     connection: 'Keep-Alive' } ]
119 silly addNameRange number 2 { name: 'jade', range: '>=1.9.2-0 <1.10.0-0', hasData: true }
120 silly addNameRange versions [ 'jade',
120 silly addNameRange   [ '0.0.1',
120 silly addNameRange     '0.0.2',
120 silly addNameRange     '0.1.0',
120 silly addNameRange     '0.2.0',
120 silly addNameRange     '0.2.1',
120 silly addNameRange     '0.2.2',
120 silly addNameRange     '0.2.3',
120 silly addNameRange     '0.2.4',
120 silly addNameRange     '0.3.0',
120 silly addNameRange     '0.4.0',
120 silly addNameRange     '0.4.1',
120 silly addNameRange     '0.5.0',
120 silly addNameRange     '0.5.1',
120 silly addNameRange     '0.5.2',
120 silly addNameRange     '0.5.3',
120 silly addNameRange     '0.5.4',
120 silly addNameRange     '0.5.5',
120 silly addNameRange     '0.5.6',
120 silly addNameRange     '0.5.7',
120 silly addNameRange     '0.6.0',
120 silly addNameRange     '0.6.1',
120 silly addNameRange     '0.6.3',
120 silly addNameRange     '0.7.0',
120 silly addNameRange     '0.7.1',
120 silly addNameRange     '0.8.0',
120 silly addNameRange     '0.8.1',
120 silly addNameRange     '0.8.2',
120 silly addNameRange     '0.8.3',
120 silly addNameRange     '0.8.4',
120 silly addNameRange     '0.8.5',
120 silly addNameRange     '0.8.6',
120 silly addNameRange     '0.8.7',
120 silly addNameRange     '0.8.8',
120 silly addNameRange     '0.8.9',
120 silly addNameRange     '0.9.0',
120 silly addNameRange     '0.9.1',
120 silly addNameRange     '0.9.2',
120 silly addNameRange     '0.9.3',
120 silly addNameRange     '0.10.0',
120 silly addNameRange     '0.10.1',
120 silly addNameRange     '0.10.2',
120 silly addNameRange     '0.10.3',
120 silly addNameRange     '0.10.4',
120 silly addNameRange     '0.10.5',
120 silly addNameRange     '0.10.6',
120 silly addNameRange     '0.10.7',
120 silly addNameRange     '0.11.0',
120 silly addNameRange     '0.11.1',
120 silly addNameRange     '0.12.0',
120 silly addNameRange     '0.12.1',
120 silly addNameRange     '0.12.2',
120 silly addNameRange     '0.12.3',
120 silly addNameRange     '0.12.4',
120 silly addNameRange     '0.13.0',
120 silly addNameRange     '0.14.0',
120 silly addNameRange     '0.14.1',
120 silly addNameRange     '0.14.2',
120 silly addNameRange     '0.15.0',
120 silly addNameRange     '0.15.1',
120 silly addNameRange     '0.15.2',
120 silly addNameRange     '0.15.3',
120 silly addNameRange     '0.15.4',
120 silly addNameRange     '0.16.0',
120 silly addNameRange     '0.16.1',
120 silly addNameRange     '0.16.2',
120 silly addNameRange     '0.16.3',
120 silly addNameRange     '0.16.4',
120 silly addNameRange     '0.17.0',
120 silly addNameRange     '0.18.0',
120 silly addNameRange     '0.19.0',
120 silly addNameRange     '0.20.0',
120 silly addNameRange     '0.20.1',
120 silly addNameRange     '0.20.2',
120 silly addNameRange     '0.20.3',
120 silly addNameRange     '0.21.0',
120 silly addNameRange     '0.22.0',
120 silly addNameRange     '0.22.1',
120 silly addNameRange     '0.23.0',
120 silly addNameRange     '0.24.0',
120 silly addNameRange     '0.25.0',
120 silly addNameRange     '0.26.0',
120 silly addNameRange     '0.26.1',
120 silly addNameRange     '0.26.2',
120 silly addNameRange     '0.26.3',
120 silly addNameRange     '0.27.0',
120 silly addNameRange     '0.27.1',
120 silly addNameRange     '0.27.2',
120 silly addNameRange     '0.27.3',
120 silly addNameRange     '0.27.4',
120 silly addNameRange     '0.27.5',
120 silly addNameRange     '0.27.6',
120 silly addNameRange     '0.27.7',
120 silly addNameRange     '0.28.0',
120 silly addNameRange     '0.28.1',
120 silly addNameRange     '0.28.2',
120 silly addNameRange     '0.29.0',
120 silly addNameRange     '0.30.0',
120 silly addNameRange     '0.31.0',
120 silly addNameRange     '0.31.1',
120 silly addNameRange     '0.31.2',
120 silly addNameRange     '0.32.0',
120 silly addNameRange     '0.33.0',
120 silly addNameRange     '0.34.0',
120 silly addNameRange     '0.34.1',
120 silly addNameRange     '0.35.0',
120 silly addNameRange     '1.0.0',
120 silly addNameRange     '1.0.1',
120 silly addNameRange     '1.0.2',
120 silly addNameRange     '1.1.0',
120 silly addNameRange     '1.1.1',
120 silly addNameRange     '1.1.2',
120 silly addNameRange     '1.1.3',
120 silly addNameRange     '1.1.4',
120 silly addNameRange     '1.1.5',
120 silly addNameRange     '1.2.0',
120 silly addNameRange     '1.3.0',
120 silly addNameRange     '1.3.1',
120 silly addNameRange     '1.4.0',
120 silly addNameRange     '1.4.1',
120 silly addNameRange     '1.4.2',
120 silly addNameRange     '1.5.0',
120 silly addNameRange     '1.6.0',
120 silly addNameRange     '1.7.0',
120 silly addNameRange     '1.8.0',
120 silly addNameRange     '1.8.1',
120 silly addNameRange     '1.8.2',
120 silly addNameRange     '1.9.0',
120 silly addNameRange     '1.9.1',
120 silly addNameRange     '1.9.2' ] ]
121 verbose addNamed [ 'jade', '1.9.2' ]
122 verbose addNamed [ '1.9.2', '1.9.2' ]
123 silly lockFile 20e0e06b-jade-1-9-2 jade@1.9.2
124 verbose lock jade@1.9.2 /Users/HaoranFang/.npm/20e0e06b-jade-1-9-2.lock
125 silly lockFile 20e0e06b-jade-1-9-2 jade@1.9.2
126 silly lockFile 20e0e06b-jade-1-9-2 jade@1.9.2
127 silly lockFile ee522cbd-jade-1-9-2 jade@~1.9.2
128 silly lockFile ee522cbd-jade-1-9-2 jade@~1.9.2
129 http 200 https://registry.npmjs.org/lodash
130 silly registry.get cb [ 200,
130 silly registry.get   { date: 'Sat, 11 Apr 2015 03:09:24 GMT',
130 silly registry.get     server: 'CouchDB/1.5.0 (Erlang OTP/R16B03)',
130 silly registry.get     etag: '"C2GHCY6X4DK73M9C4EI2LOI68"',
130 silly registry.get     'content-type': 'application/json',
130 silly registry.get     'cache-control': 'max-age=60',
130 silly registry.get     'content-length': '90616',
130 silly registry.get     'accept-ranges': 'bytes',
130 silly registry.get     via: '1.1 varnish',
130 silly registry.get     age: '56',
130 silly registry.get     'x-served-by': 'cache-dfw1827-DFW',
130 silly registry.get     'x-cache': 'HIT',
130 silly registry.get     'x-cache-hits': '5',
130 silly registry.get     'x-timer': 'S1428721764.643256,VS0,VE0',
130 silly registry.get     vary: 'Accept',
130 silly registry.get     'keep-alive': 'timeout=10, max=50',
130 silly registry.get     connection: 'Keep-Alive' } ]
131 silly addNameRange number 2 { name: 'lodash', range: '>=3.6.0-0 <3.7.0-0', hasData: true }
132 silly addNameRange versions [ 'lodash',
132 silly addNameRange   [ '0.1.0',
132 silly addNameRange     '0.2.0',
132 silly addNameRange     '0.2.1',
132 silly addNameRange     '0.2.2',
132 silly addNameRange     '0.3.0',
132 silly addNameRange     '0.3.1',
132 silly addNameRange     '0.3.2',
132 silly addNameRange     '0.4.0',
132 silly addNameRange     '0.4.1',
132 silly addNameRange     '0.4.2',
132 silly addNameRange     '0.5.0-rc.1',
132 silly addNameRange     '0.5.0',
132 silly addNameRange     '0.5.1',
132 silly addNameRange     '0.5.2',
132 silly addNameRange     '0.6.0',
132 silly addNameRange     '0.6.1',
132 silly addNameRange     '0.7.0',
132 silly addNameRange     '0.8.0',
132 silly addNameRange     '0.8.1',
132 silly addNameRange     '0.8.2',
132 silly addNameRange     '0.9.0',
132 silly addNameRange     '0.9.1',
132 silly addNameRange     '0.9.2',
132 silly addNameRange     '0.10.0',
132 silly addNameRange     '1.0.0-rc.1',
132 silly addNameRange     '1.0.0-rc.2',
132 silly addNameRange     '1.0.0-rc.3',
132 silly addNameRange     '1.0.0',
132 silly addNameRange     '1.0.1',
132 silly addNameRange     '1.1.0',
132 silly addNameRange     '1.1.1',
132 silly addNameRange     '1.2.0',
132 silly addNameRange     '1.2.1',
132 silly addNameRange     '1.3.0',
132 silly addNameRange     '1.3.1',
132 silly addNameRange     '2.0.0',
132 silly addNameRange     '2.1.0',
132 silly addNameRange     '2.2.0',
132 silly addNameRange     '2.2.1',
132 silly addNameRange     '2.3.0',
132 silly addNameRange     '2.4.0',
132 silly addNameRange     '2.4.1',
132 silly addNameRange     '3.0.0',
132 silly addNameRange     '3.0.1',
132 silly addNameRange     '3.1.0',
132 silly addNameRange     '3.2.0',
132 silly addNameRange     '3.3.0',
132 silly addNameRange     '3.3.1',
132 silly addNameRange     '3.4.0',
132 silly addNameRange     '3.5.0',
132 silly addNameRange     '3.6.0',
132 silly addNameRange     '1.0.2' ] ]
133 verbose addNamed [ 'lodash', '3.6.0' ]
134 verbose addNamed [ '3.6.0', '3.6.0' ]
135 silly lockFile c203a9ef-lodash-3-6-0 lodash@3.6.0
136 verbose lock lodash@3.6.0 /Users/HaoranFang/.npm/c203a9ef-lodash-3-6-0.lock
137 silly lockFile a6e5886b-pmjs-org-lodash-lodash-3-6-0-tgz https://registry.npmjs.org/lodash/-/lodash-3.6.0.tgz
138 verbose lock https://registry.npmjs.org/lodash/-/lodash-3.6.0.tgz /Users/HaoranFang/.npm/a6e5886b-pmjs-org-lodash-lodash-3-6-0-tgz.lock
139 verbose addRemoteTarball [ 'https://registry.npmjs.org/lodash/-/lodash-3.6.0.tgz',
139 verbose addRemoteTarball   '5266a8f49dd989be4f9f681b6f2a0c55285d0d9a' ]
140 info retry fetch attempt 1 at 21:09:25
141 verbose fetch to= /var/folders/r3/7qn9vmd94gdc8s6fxnl8w1300000gn/T/npm-2222-oZZ-F9TL/registry.npmjs.org/lodash/-/lodash-3.6.0.tgz
142 http GET https://registry.npmjs.org/lodash/-/lodash-3.6.0.tgz
143 http 200 https://registry.npmjs.org/monk/-/monk-1.0.1.tgz
144 silly lockFile ab0349b4-ry-npmjs-org-monk-monk-1-0-1-tgz https://registry.npmjs.org/monk/-/monk-1.0.1.tgz
145 silly lockFile ab0349b4-ry-npmjs-org-monk-monk-1-0-1-tgz https://registry.npmjs.org/monk/-/monk-1.0.1.tgz
146 silly lockFile 6ea192be-monk-1-0-1 monk@1.0.1
147 silly lockFile 6ea192be-monk-1-0-1 monk@1.0.1
148 silly lockFile a1eaadbe-monk-1-0-1 monk@~1.0.1
149 silly lockFile a1eaadbe-monk-1-0-1 monk@~1.0.1
150 http 200 https://registry.npmjs.org/lodash/-/lodash-3.6.0.tgz
151 silly lockFile a6e5886b-pmjs-org-lodash-lodash-3-6-0-tgz https://registry.npmjs.org/lodash/-/lodash-3.6.0.tgz
152 silly lockFile a6e5886b-pmjs-org-lodash-lodash-3-6-0-tgz https://registry.npmjs.org/lodash/-/lodash-3.6.0.tgz
153 silly lockFile c203a9ef-lodash-3-6-0 lodash@3.6.0
154 silly lockFile c203a9ef-lodash-3-6-0 lodash@3.6.0
155 silly lockFile cce7f5be-lodash-3-6-0 lodash@~3.6.0
156 silly lockFile cce7f5be-lodash-3-6-0 lodash@~3.6.0
157 http 200 https://registry.npmjs.org/jquery
158 silly registry.get cb [ 200,
158 silly registry.get   { date: 'Sat, 11 Apr 2015 03:09:25 GMT',
158 silly registry.get     server: 'CouchDB/1.5.0 (Erlang OTP/R16B03)',
158 silly registry.get     etag: '"44PHJ1J2AOQ85ZI6OZDKY7Z9P"',
158 silly registry.get     'content-type': 'application/json',
158 silly registry.get     'cache-control': 'max-age=60',
158 silly registry.get     'content-length': '51621',
158 silly registry.get     'accept-ranges': 'bytes',
158 silly registry.get     via: '1.1 varnish',
158 silly registry.get     age: '0',
158 silly registry.get     'x-served-by': 'cache-dfw1821-DFW',
158 silly registry.get     'x-cache': 'HIT',
158 silly registry.get     'x-cache-hits': '1',
158 silly registry.get     'x-timer': 'S1428721765.705132,VS0,VE63',
158 silly registry.get     vary: 'Accept',
158 silly registry.get     'keep-alive': 'timeout=10, max=50',
158 silly registry.get     connection: 'Keep-Alive' } ]
159 silly addNameRange number 2 { name: 'jquery', range: '>=2.1.3-0 <2.2.0-0', hasData: true }
160 silly addNameRange versions [ 'jquery',
160 silly addNameRange   [ '1.5.1',
160 silly addNameRange     '1.6.2',
160 silly addNameRange     '1.6.3',
160 silly addNameRange     '1.7.2',
160 silly addNameRange     '1.7.3',
160 silly addNameRange     '1.8.2',
160 silly addNameRange     '1.8.3',
160 silly addNameRange     '2.1.0-beta2',
160 silly addNameRange     '2.1.0-beta3',
160 silly addNameRange     '1.11.0-beta3',
160 silly addNameRange     '1.11.0-rc1',
160 silly addNameRange     '2.1.0-rc1',
160 silly addNameRange     '1.11.0',
160 silly addNameRange     '2.1.0',
160 silly addNameRange     '2.1.1-beta1',
160 silly addNameRange     '1.11.1-beta1',
160 silly addNameRange     '2.1.1-rc1',
160 silly addNameRange     '1.11.1-rc1',
160 silly addNameRange     '2.1.1-rc2',
160 silly addNameRange     '1.11.1-rc2',
160 silly addNameRange     '2.1.1',
160 silly addNameRange     '1.11.1',
160 silly addNameRange     '1.9.1',
160 silly addNameRange     '2.1.2',
160 silly addNameRange     '1.11.2',
160 silly addNameRange     '2.1.3' ] ]
161 verbose addNamed [ 'jquery', '2.1.3' ]
162 verbose addNamed [ '2.1.3', '2.1.3' ]
163 silly lockFile 6fbd5787-jquery-2-1-3 jquery@2.1.3
164 verbose lock jquery@2.1.3 /Users/HaoranFang/.npm/6fbd5787-jquery-2-1-3.lock
165 silly lockFile 38b3ffac-pmjs-org-jquery-jquery-2-1-3-tgz https://registry.npmjs.org/jquery/-/jquery-2.1.3.tgz
166 verbose lock https://registry.npmjs.org/jquery/-/jquery-2.1.3.tgz /Users/HaoranFang/.npm/38b3ffac-pmjs-org-jquery-jquery-2-1-3-tgz.lock
167 verbose addRemoteTarball [ 'https://registry.npmjs.org/jquery/-/jquery-2.1.3.tgz',
167 verbose addRemoteTarball   '6ec55204673d505d39432c5bf5cfad10e1dbad2e' ]
168 info retry fetch attempt 1 at 21:09:26
169 verbose fetch to= /var/folders/r3/7qn9vmd94gdc8s6fxnl8w1300000gn/T/npm-2222-oZZ-F9TL/registry.npmjs.org/jquery/-/jquery-2.1.3.tgz
170 http GET https://registry.npmjs.org/jquery/-/jquery-2.1.3.tgz
171 http 200 https://registry.npmjs.org/jquery/-/jquery-2.1.3.tgz
172 http 200 https://registry.npmjs.org/express
173 silly registry.get cb [ 200,
173 silly registry.get   { date: 'Sat, 11 Apr 2015 03:09:24 GMT',
173 silly registry.get     server: 'CouchDB/1.5.0 (Erlang OTP/R16B03)',
173 silly registry.get     etag: '"9KJRPKVROQ00UYL1TCBCB0TKZ"',
173 silly registry.get     'content-type': 'application/json',
173 silly registry.get     'cache-control': 'max-age=60',
173 silly registry.get     'content-length': '492161',
173 silly registry.get     'accept-ranges': 'bytes',
173 silly registry.get     via: '1.1 varnish',
173 silly registry.get     age: '0',
173 silly registry.get     'x-served-by': 'cache-dfw1825-DFW',
173 silly registry.get     'x-cache': 'HIT',
173 silly registry.get     'x-cache-hits': '1',
173 silly registry.get     'x-timer': 'S1428721764.637552,VS0,VE48',
173 silly registry.get     vary: 'Accept',
173 silly registry.get     'keep-alive': 'timeout=10, max=50',
173 silly registry.get     connection: 'Keep-Alive' } ]
174 silly addNameRange number 2 { name: 'express', range: '>=4.12.3-0 <4.13.0-0', hasData: true }
175 silly addNameRange versions [ 'express',
175 silly addNameRange   [ '0.14.0',
175 silly addNameRange     '0.14.1',
175 silly addNameRange     '1.0.0',
175 silly addNameRange     '1.0.1',
175 silly addNameRange     '1.0.2',
175 silly addNameRange     '1.0.3',
175 silly addNameRange     '1.0.4',
175 silly addNameRange     '1.0.5',
175 silly addNameRange     '1.0.6',
175 silly addNameRange     '1.0.7',
175 silly addNameRange     '1.0.8',
175 silly addNameRange     '2.0.0',
175 silly addNameRange     '2.1.0',
175 silly addNameRange     '2.1.1',
175 silly addNameRange     '2.2.0',
175 silly addNameRange     '2.2.1',
175 silly addNameRange     '2.2.2',
175 silly addNameRange     '2.3.0',
175 silly addNameRange     '2.3.1',
175 silly addNameRange     '2.3.2',
175 silly addNameRange     '2.3.3',
175 silly addNameRange     '2.3.4',
175 silly addNameRange     '2.3.5',
175 silly addNameRange     '2.3.6',
175 silly addNameRange     '2.3.7',
175 silly addNameRange     '2.3.8',
175 silly addNameRange     '2.3.9',
175 silly addNameRange     '2.3.10',
175 silly addNameRange     '2.3.11',
175 silly addNameRange     '2.3.12',
175 silly addNameRange     '2.4.0',
175 silly addNameRange     '2.4.1',
175 silly addNameRange     '2.4.2',
175 silly addNameRange     '2.4.3',
175 silly addNameRange     '2.4.4',
175 silly addNameRange     '2.4.5',
175 silly addNameRange     '2.4.6',
175 silly addNameRange     '2.4.7',
175 silly addNameRange     '2.5.0',
175 silly addNameRange     '2.5.1',
175 silly addNameRange     '2.5.2',
175 silly addNameRange     '2.5.3',
175 silly addNameRange     '2.5.4',
175 silly addNameRange     '2.5.5',
175 silly addNameRange     '2.5.6',
175 silly addNameRange     '2.5.7',
175 silly addNameRange     '2.5.8',
175 silly addNameRange     '2.5.9',
175 silly addNameRange     '2.5.10',
175 silly addNameRange     '2.5.11',
175 silly addNameRange     '3.0.0',
175 silly addNameRange     '3.0.1',
175 silly addNameRange     '3.0.2',
175 silly addNameRange     '3.0.3',
175 silly addNameRange     '3.0.4',
175 silly addNameRange     '3.0.5',
175 silly addNameRange     '3.0.6',
175 silly addNameRange     '3.1.0',
175 silly addNameRange     '3.1.1',
175 silly addNameRange     '3.1.2',
175 silly addNameRange     '3.2.0',
175 silly addNameRange     '3.2.1',
175 silly addNameRange     '3.2.2',
175 silly addNameRange     '3.2.3',
175 silly addNameRange     '3.2.4',
175 silly addNameRange     '3.2.5',
175 silly addNameRange     '3.2.6',
175 silly addNameRange     '3.3.0',
175 silly addNameRange     '3.3.1',
175 silly addNameRange     '3.3.2',
175 silly addNameRange     '3.3.3',
175 silly addNameRange     '3.3.4',
175 silly addNameRange     '3.3.5',
175 silly addNameRange     '3.3.6',
175 silly addNameRange     '1.0.0-beta',
175 silly addNameRange     '1.0.0-beta2',
175 silly addNameRange     '1.0.0-rc',
175 silly addNameRange     '1.0.0-rc2',
175 silly addNameRange     '1.0.0-rc3',
175 silly addNameRange     '1.0.0-rc4',
175 silly addNameRange     '2.0.0-beta',
175 silly addNameRange     '2.0.0-beta2',
175 silly addNameRange     '2.0.0-beta3',
175 silly addNameRange     '2.0.0-rc',
175 silly addNameRange     '2.0.0-rc2',
175 silly addNameRange     '2.0.0-rc3',
175 silly addNameRange     '3.0.0-alpha1',
175 silly addNameRange     '3.0.0-alpha2',
175 silly addNameRange     '3.0.0-alpha3',
175 silly addNameRange     '3.0.0-alpha4',
175 silly addNameRange     '3.0.0-alpha5',
175 silly addNameRange     '3.0.0-beta1',
175 silly addNameRange     '3.0.0-beta2',
175 silly addNameRange     '3.0.0-beta3',
175 silly addNameRange     '3.0.0-beta4',
175 silly addNameRange     '3.0.0-beta6',
175 silly addNameRange     '3.0.0-beta7',
175 silly addNameRange     '3.0.0-rc1',
175 silly addNameRange     '3.0.0-rc2',
175 silly addNameRange     '3.0.0-rc3',
175 silly addNameRange     '3.0.0-rc4',
175 silly addNameRange     '3.0.0-rc5',
175 silly addNameRange     '3.3.7',
175 silly addNameRange     '3.3.8',
175 silly addNameRange     '3.4.0',
175 silly addNameRange     '3.4.1',
175 silly addNameRange     '3.4.2',
175 silly addNameRange     '3.4.3',
175 silly addNameRange     '3.4.4',
175 silly addNameRange     '3.4.5',
175 silly addNameRange     '3.4.6',
175 silly addNameRange     '3.4.7',
175 silly addNameRange     '3.4.8',
175 silly addNameRange     '4.0.0-rc1',
175 silly addNameRange     '4.0.0-rc2',
175 silly addNameRange     '3.5.0',
175 silly addNameRange     '4.0.0-rc3',
175 silly addNameRange     '4.0.0-rc4',
175 silly addNameRange     '3.5.1',
175 silly addNameRange     '4.0.0',
175 silly addNameRange     '3.5.2',
175 silly addNameRange     '4.1.0',
175 silly addNameRange     '4.1.1',
175 silly addNameRange     '3.5.3',
175 silly addNameRange     '4.1.2',
175 silly addNameRange     '3.6.0',
175 silly addNameRange     '4.2.0',
175 silly addNameRange     '3.7.0',
175 silly addNameRange     '3.8.0',
175 silly addNameRange     '4.3.0',
175 silly addNameRange     '4.3.1',
175 silly addNameRange     '3.8.1',
175 silly addNameRange     '4.3.2',
175 silly addNameRange     '3.9.0',
175 silly addNameRange     '4.4.0',
175 silly addNameRange     '4.4.1',
175 silly addNameRange     '3.10.0',
175 silly addNameRange     '3.10.1',
175 silly addNameRange     '3.10.2',
175 silly addNameRange     '3.10.3',
175 silly addNameRange     '3.10.4',
175 silly addNameRange     '4.4.2',
175 silly addNameRange     '3.10.5',
175 silly addNameRange     '4.4.3',
175 silly addNameRange     '3.11.0',
175 silly addNameRange     '4.4.4',
175 silly addNameRange     '3.12.0',
175 silly addNameRange     '3.12.1',
175 silly addNameRange     '4.4.5',
175 silly addNameRange     '3.13.0',
175 silly addNameRange     '4.5.0',
175 silly addNameRange     '4.5.1',
175 silly addNameRange     '3.14.0',
175 silly addNameRange     '4.6.0',
175 silly addNameRange     '4.6.1',
175 silly addNameRange     '3.15.0',
175 silly addNameRange     '4.7.0',
175 silly addNameRange     '3.15.1',
175 silly addNameRange     '4.7.1',
175 silly addNameRange     '3.15.2',
175 silly addNameRange     '4.7.2',
175 silly addNameRange     '4.7.3',
175 silly addNameRange     '3.15.3',
175 silly addNameRange     '4.7.4',
175 silly addNameRange     '3.16.0',
175 silly addNameRange     '4.8.0',
175 silly addNameRange     '3.16.1',
175 silly addNameRange     '4.8.1',
175 silly addNameRange     '3.16.2',
175 silly addNameRange     '4.8.2',
175 silly addNameRange     '3.16.3',
175 silly addNameRange     '3.16.4',
175 silly addNameRange     '4.8.3',
175 silly addNameRange     '3.16.5',
175 silly addNameRange     '3.16.6',
175 silly addNameRange     '4.8.4',
175 silly addNameRange     '3.16.7',
175 silly addNameRange     '4.8.5',
175 silly addNameRange     '3.16.8',
175 silly addNameRange     '4.8.6',
175 silly addNameRange     '3.16.9',
175 silly addNameRange     '4.8.7',
175 silly addNameRange     '3.16.10',
175 silly addNameRange     '4.8.8',
175 silly addNameRange     '3.17.0',
175 silly addNameRange     '3.17.1',
175 silly addNameRange     '4.9.0',
175 silly addNameRange     '3.17.2',
175 silly addNameRange     '4.9.1',
175 silly addNameRange     '4.9.2',
175 silly addNameRange     '3.17.3',
175 silly addNameRange     '4.9.3',
175 silly addNameRange     '3.17.4',
175 silly addNameRange     '4.9.4',
175 silly addNameRange     '3.17.5',
175 silly addNameRange     '4.9.5',
175 silly addNameRange     '3.17.6',
175 silly addNameRange     '3.17.7',
175 silly addNameRange     '4.9.6',
175 silly addNameRange     '4.9.7',
175 silly addNameRange     '3.17.8',
175 silly addNameRange     '4.9.8',
175 silly addNameRange     '3.18.0',
175 silly addNameRange     '3.18.1',
175 silly addNameRange     '4.10.0',
175 silly addNameRange     '3.18.2',
175 silly addNameRange     '4.10.1',
175 silly addNameRange     '5.0.0-alpha.1',
175 silly addNameRange     '3.18.3',
175 silly addNameRange     '4.10.2',
175 silly addNameRange     '3.18.4',
175 silly addNameRange     '4.10.3',
175 silly addNameRange     '4.10.4',
175 silly addNameRange     '4.10.5',
175 silly addNameRange     '3.18.5',
175 silly addNameRange     '3.18.6',
175 silly addNameRange     '4.10.6',
175 silly addNameRange     '4.10.7',
175 silly addNameRange     '3.19.0',
175 silly addNameRange     '4.10.8',
175 silly addNameRange     '4.11.0',
175 silly addNameRange     '3.19.1',
175 silly addNameRange     '4.11.1',
175 silly addNameRange     '3.19.2',
175 silly addNameRange     '4.11.2',
175 silly addNameRange     '3.20.0',
175 silly addNameRange     '4.12.0',
175 silly addNameRange     '3.20.1',
175 silly addNameRange     '4.12.1',
175 silly addNameRange     '4.12.2',
175 silly addNameRange     '3.20.2',
175 silly addNameRange     '4.12.3' ] ]
176 verbose addNamed [ 'express', '4.12.3' ]
177 verbose addNamed [ '4.12.3', '4.12.3' ]
178 silly lockFile 0b3fc563-express-4-12-3 express@4.12.3
179 verbose lock express@4.12.3 /Users/HaoranFang/.npm/0b3fc563-express-4-12-3.lock
180 silly lockFile c3db49de-s-org-express-express-4-12-3-tgz https://registry.npmjs.org/express/-/express-4.12.3.tgz
181 verbose lock https://registry.npmjs.org/express/-/express-4.12.3.tgz /Users/HaoranFang/.npm/c3db49de-s-org-express-express-4-12-3-tgz.lock
182 verbose addRemoteTarball [ 'https://registry.npmjs.org/express/-/express-4.12.3.tgz',
182 verbose addRemoteTarball   '6b9d94aec5ae03270d86d390c277a8c5a5ad0ee2' ]
183 info retry fetch attempt 1 at 21:09:26
184 verbose fetch to= /var/folders/r3/7qn9vmd94gdc8s6fxnl8w1300000gn/T/npm-2222-oZZ-F9TL/registry.npmjs.org/express/-/express-4.12.3.tgz
185 http GET https://registry.npmjs.org/express/-/express-4.12.3.tgz
186 http 200 https://registry.npmjs.org/express/-/express-4.12.3.tgz
187 silly lockFile c3db49de-s-org-express-express-4-12-3-tgz https://registry.npmjs.org/express/-/express-4.12.3.tgz
188 silly lockFile c3db49de-s-org-express-express-4-12-3-tgz https://registry.npmjs.org/express/-/express-4.12.3.tgz
189 silly lockFile 0b3fc563-express-4-12-3 express@4.12.3
190 silly lockFile 0b3fc563-express-4-12-3 express@4.12.3
191 silly lockFile 3554baa3-express-4-12-3 express@~4.12.3
192 silly lockFile 3554baa3-express-4-12-3 express@~4.12.3
193 silly lockFile 38b3ffac-pmjs-org-jquery-jquery-2-1-3-tgz https://registry.npmjs.org/jquery/-/jquery-2.1.3.tgz
194 silly lockFile 38b3ffac-pmjs-org-jquery-jquery-2-1-3-tgz https://registry.npmjs.org/jquery/-/jquery-2.1.3.tgz
195 silly lockFile 6fbd5787-jquery-2-1-3 jquery@2.1.3
196 silly lockFile 6fbd5787-jquery-2-1-3 jquery@2.1.3
197 silly lockFile f08518d6-jquery-2-1-3 jquery@~2.1.3
198 silly lockFile f08518d6-jquery-2-1-3 jquery@~2.1.3
199 error Error: EACCES, mkdir '/Users/HaoranFang/.npm/express/4.12.3'
199 error  { [Error: EACCES, mkdir '/Users/HaoranFang/.npm/express/4.12.3']
199 error   errno: 3,
199 error   code: 'EACCES',
199 error   path: '/Users/HaoranFang/.npm/express/4.12.3',
199 error   parent: 'mtgdeckbuilder' }
200 error Please try running this command again as root/Administrator.
201 error System Darwin 14.3.0
202 error command "node" "/usr/local/bin/npm" "install"
203 error cwd /Users/HaoranFang/Documents/GITHUB/mtgdeckbuilder
204 error node -v v0.10.35
205 error npm -v 1.4.28
206 error path /Users/HaoranFang/.npm/express/4.12.3
207 error code EACCES
208 error errno 3
209 error stack Error: EACCES, mkdir '/Users/HaoranFang/.npm/express/4.12.3'
210 verbose exit [ 3, true ]
